1   25.17037
    2   25.55170
    3   25.90951
    4   26.24129
    5   26.54524
    6   26.82022
    7   27.06564
    8   27.28140
    9   27.46780
   10   27.62547
   11   27.75532
   12   27.85851
   13   27.93633
   14   27.99023
   15   28.02174
   16   28.03245
   17   28.02397
   18   27.99792
   19   27.95590
   20   27.89948
   21   27.83016
   22   27.74941
   23   27.65860
   24   27.55904
   25   27.45194
   26   27.33844
   27   27.21959
   28   27.09637
   29   26.96964
   30   26.84020
   31   26.70877
   32   26.57598
   33   26.44242
   34   26.30856
   35   26.17485
   36   26.04165
   37   25.90929
   38   25.77804
   39   25.64811
   40   25.51968
   41   25.39289
   42   25.26786
   43   25.14466
   44   25.02335
   45   24.90394
   46   24.78646
   47   24.67089
   48   24.55722
   49   24.44541
   50   24.33542
   51   24.22720
   52   24.12069
   53   24.01584
   54   23.91258
   55   23.81085
   56   23.71058
   57   23.61171
   58   23.51417
   59   23.41790
   60   23.32284
   61   23.22893
   62   23.13610
   63   23.04432
   64   22.95352
   65   22.86365
   66   22.77467
   67   22.68654
   68   22.59922
   69   22.51266
   70   22.42683
   71   22.34170
   72   22.25724
   73   22.17341
   74   22.09019
   75   22.00756
   76   21.92548
   77   21.84394
   78   21.76292
   79   21.68239
   80   21.60233
   81   21.52273
   82   21.44356
   83   21.36481
   84   21.28646
   85   21.20850
   86   21.13091
   87   21.05366
   88   20.97675
   89   20.90016
   90   20.82387
   91   20.74787
   92   20.67214
   93   20.59666
   94   20.52142
   95   20.44639
   96   20.37158
   97   20.29695
   98   20.22250
   99   20.14820
  100   20.07404
  101   20.00000
